Arguments: 
  C:\Program Files\nodejs\node.exe D:\应用\开发软件\yarn\bin\yarn.js add mmd5

PATH: 
  C:\Program Files\Common Files\Oracle\Java\javapath;C:\Program Files\nodejs\node_global;C:\Program Files\nodejs;D:\应用\微信web开发者工具\dll;C:\Progr;m Files (x86)\Tencent\微信web开发者工具\dll;C:\Pro;ram Files\nodejs\node_cache;C:\Users\33111\AppData\Roaming\npm;C:\Program Files\MySQL\MySQL Server 8.0\bin;C:\MongoDB\bin;D:\应用\开发软件\yarn\bin\;C:\Us;rs\33111\AppData\Local\Yarn\Data\global\node_modules\.bin;C:\Program Files (x86)\Git\cmd;C:\windows\System32\Wbem;C:\Windows\System32;C:\Users\33111\AppData\Local\Yarn\Data\global\node_modules\.bin;C:\Windows\System32\node_modules\.bin;;C:\Program Files (x86)\Tencent\微信web开发者工具\dll;C:\Users\33111\AppData\Local\Programs\Python\Python36\Scripts\;C:\Users\33111\AppData\Local\Programs\Python\Python36\;C:\Users\33111\AppData\Local\Microsoft\WindowsApps;C:\Users\33111\AppData\Local\Programs\Microsoft VS Code\bin;C:\Users\33111\AppData\Local\atom\bin;C:\Program Files\MySQL\MySQL Server 8.0\bin;C:\Users\33111\AppData\Local\Yarn\bin;C:\Users\33111\AppData\Roaming\npm;;D:\应用\开发软件\DataGrip 2022.2.5\bin;;D:\应用\开发软件\PyCharm Community Edition 2021.2.3\bin;

Yarn version: 
  1.22.5

Node version: 
  16.14.2

Platform: 
  win32 x64

Trace: 
  Error: https://registry.npm.taobao.org/mmd5: [NOT_FOUND] mmd5 not found
      at Request.params.callback [as _callback] (D:\应用\开发软件\yarn\lib\cli.js:66097:18)
      at Request.self.callback (D:\应用\开发软件\yarn\lib\cli.js:140749:22)
      at Request.emit (node:events:526:28)
      at Request.<anonymous> (D:\应用\开发软件\yarn\lib\cli.js:141721:10)
      at Request.emit (node:events:526:28)
      at Gunzip.<anonymous> (D:\应用\开发软件\yarn\lib\cli.js:141643:12)
      at Object.onceWrapper (node:events:645:28)
      at Gunzip.emit (node:events:526:28)
      at endReadableNT (node:internal/streams/readable:1345:12)
      at processTicksAndRejections (node:internal/process/task_queues:83:21)

npm manifest: 
  {
    "name": "miniprogram-2",
    "version": "1.0.0",
    "main": "index.js",
    "license": "MIT",
    "dependencies": {
      "@escook/request-miniprogram": "^0.2.1",
      "@vant/weapp": "^1.10.10",
      "miniprogram-api-promise": "^1.0.4",
      "mobx-miniprogram": "^4.13.2",
      "mobx-miniprogram-bindings": "^2.1.5"
    }
  }

yarn manifest: 
  No manifest

Lockfile: 
  # THIS IS AN AUTOGENERATED FILE. DO NOT EDIT THIS FILE DIRECTLY.
  # yarn lockfile v1
  
  
  "@escook/request-miniprogram@^0.2.1":
    version "0.2.1"
    resolved "https://registry.npmmirror.com/@escook/request-miniprogram/-/request-miniprogram-0.2.1.tgz#c3b13249f5a94601f2949f4d68245df9a5683819"
    integrity sha512-ueWV5YsaEm/ycQZuEjMiA88GFMhfBQSjy9GrP9omy4xAQajkGTbYIlnhzsDfWzRPmRC1fKmAiKMrCVcgS+SHcQ==
  
  "@types/wechat-miniprogram@^3.4.0":
    version "3.4.1"
    resolved "https://registry.npmmirror.com/@types/wechat-miniprogram/-/wechat-miniprogram-3.4.1.tgz#e237ebaa5f541b816ca2ab648e40b74faeb014cb"
    integrity sha512-szbuYR32VotxNQNQ4YyQ6Ob3ya0tLY0zpf/xvi6DF8Oqb+0Y+5CL5BpxS+4wBSJvlu3VfSXhjxZ0ze1a3l16Pw==
  
  "@vant/weapp@^1.10.10":
    version "1.10.10"
    resolved "https://registry.npmmirror.com/@vant/weapp/-/weapp-1.10.10.tgz#4ba8c7ac4fa259a73d777ba8d3dad806d18f347d"
    integrity sha512-rNE38/xO/GChOAlFjSx8lg/h3y3/hCwSk/G6RypOlLGqX69vfwS/+W/plziIOpY9z3VffxmOkacxQTrwfVw1VA==
  
  miniprogram-api-promise@^1.0.4:
    version "1.0.4"
    resolved "https://registry.npmmirror.com/miniprogram-api-promise/-/miniprogram-api-promise-1.0.4.tgz#fefe9b72923fd31f88b12463b502cb457c892b4c"
    integrity sha512-lS2ukj03Ugy8IJUDmdssklLT4kjzyRtVYwErhyDZkzxtqcxaed2xldRgNrsikigeMUBR9gAs7wgnjSKPlyKIYg==
  
  mobx-miniprogram-bindings@^2.1.5:
    version "2.1.5"
    resolved "https://registry.npmmirror.com/mobx-miniprogram-bindings/-/mobx-miniprogram-bindings-2.1.5.tgz#148a9e9bb47b7ef2b4bdc3786dff57666e33a2eb"
    integrity sha512-2HuiQL5FPgoYJ8XIMdw5iD6XT61LtsujaGyizbN845iZcsLmrKZiF0dKd4jQTSuC/6rGozqqhcy0sDc7qcpjYQ==
    dependencies:
      "@types/wechat-miniprogram" "^3.4.0"
  
  mobx-miniprogram@^4.13.2:
    version "4.13.2"
    resolved "https://registry.npmmirror.com/mobx-miniprogram/-/mobx-miniprogram-4.13.2.tgz#b72c03fd5ad1f1b9022c422f9c88a47d1e5f8868"
    integrity sha512-C3HtkqHCLKp35N2gXA80yFD6PNfSqwioPFmnjTQpBLrEqYm1F6yiWZ57CW+8FqgmR306mw6ZfsM5q7hSTHw8BQ==
